# JRE version: OpenJDK Runtime Environment (8.0_212-b04) (build 1.8.0_212-release-1586-b04)
# Java VM: OpenJDK 64-Bit Server VM (25.212-b04 mixed mode windows-amd64 compressed oops)
Heap:
 PSYoungGen      total 312832K, used 292612K [0x00000000e0000000, 0x00000000ff700000, 0x0000000100000000)
  eden space 304128K, 93% used [0x00000000e0000000,0x00000000f1549540,0x00000000f2900000)
  from space 8704K, 99% used [0x00000000f2900000,0x00000000f3177c40,0x00000000f3180000)
  to   space 105472K, 0% used [0x00000000f9000000,0x00000000f9000000,0x00000000ff700000)
 ParOldGen       total 501248K, used 241791K [0x00000000a0000000, 0x00000000be980000, 0x00000000e0000000)
  object space 501248K, 48% used [0x00000000a0000000,0x00000000aec1fe18,0x00000000be980000)
 Metaspace       used 150910K, capacity 160026K, committed 162304K, reserved 1189888K
  class space    used 18906K, capacity 20615K, committed 21248K, reserved 1048576K
GC Heap History (10 events):
Event: 5071.927 GC heap before
{Heap before GC invocations=90 (full 6):
 PSYoungGen      total 433152K, used 351904K [0x00000000e0000000, 0x0000000100000000, 0x0000000100000000)
  eden space 342016K, 100% used [0x00000000e0000000,0x00000000f4e00000,0x00000000f4e00000)
  from space 91136K, 10% used [0x00000000f4e00000,0x00000000f57a82f8,0x00000000fa700000)
  to   space 88064K, 0% used [0x00000000faa00000,0x00000000faa00000,0x0000000100000000)
 ParOldGen       total 420864K, used 359306K [0x00000000a0000000, 0x00000000b9b00000, 0x00000000e0000000)
  object space 420864K, 85% used [0x00000000a0000000,0x00000000b5ee29d8,0x00000000b9b00000)
 Metaspace       used 149631K, capacity 158890K, committed 161792K, reserved 1189888K
  class space    used 18767K, capacity 20468K, committed 21248K, reserved 1048576K
Event: 5072.024 GC heap after
Heap after GC invocations=90 (full 6):
 PSYoungGen      total 407552K, used 81327K [0x00000000e0000000, 0x0000000100000000, 0x0000000100000000)
  eden space 319488K, 0% used [0x00000000e0000000,0x00000000e0000000,0x00000000f3800000)
  from space 88064K, 92% used [0x00000000faa00000,0x00000000ff96bfd8,0x0000000100000000)
  to   space 102400K, 0% used [0x00000000f3800000,0x00000000f3800000,0x00000000f9c00000)
 ParOldGen       total 420864K, used 361371K [0x00000000a0000000, 0x00000000b9b00000, 0x00000000e0000000)
  object space 420864K, 85% used [0x00000000a0000000,0x00000000b60e6f68,0x00000000b9b00000)
 Metaspace       used 149631K, capacity 158890K, committed 161792K, reserved 1189888K
  class space    used 18767K, capacity 20468K, committed 21248K, reserved 1048576K
}
Event: 5074.523 GC heap before
{Heap before GC invocations=91 (full 6):
 PSYoungGen      total 407552K, used 400815K [0x00000000e0000000, 0x0000000100000000, 0x0000000100000000)
  eden space 319488K, 100% used [0x00000000e0000000,0x00000000f3800000,0x00000000f3800000)
  from space 88064K, 92% used [0x00000000faa00000,0x00000000ff96bfd8,0x0000000100000000)
  to   space 102400K, 0% used [0x00000000f3800000,0x00000000f3800000,0x00000000f9c00000)
 ParOldGen       total 420864K, used 361371K [0x00000000a0000000, 0x00000000b9b00000, 0x00000000e0000000)
  object space 420864K, 85% used [0x00000000a0000000,0x00000000b60e6f68,0x00000000b9b00000)
 Metaspace       used 149711K, capacity 158972K, committed 161792K, reserved 1189888K
  class space    used 18767K, capacity 20469K, committed 21248K, reserved 1048576K
Event: 5074.797 GC heap after
Heap after GC invocations=91 (full 6):
 PSYoungGen      total 398848K, used 79006K [0x00000000e0000000, 0x0000000100000000, 0x0000000100000000)
  eden space 319488K, 0% used [0x00000000e0000000,0x00000000e0000000,0x00000000f3800000)
  from space 79360K, 99% used [0x00000000f3800000,0x00000000f8527b50,0x00000000f8580000)
  to   space 112128K, 0% used [0x00000000f9280000,0x00000000f9280000,0x0000000100000000)
 ParOldGen       total 420864K, used 411831K [0x00000000a0000000, 0x00000000b9b00000, 0x00000000e0000000)
  object space 420864K, 97% used [0x00000000a0000000,0x00000000b922df30,0x00000000b9b00000)
 Metaspace       used 149711K, capacity 158972K, committed 161792K, reserved 1189888K
  class space    used 18767K, capacity 20469K, committed 21248K, reserved 1048576K
}
Event: 5074.797 GC heap before
{Heap before GC invocations=92 (full 7):
 PSYoungGen      total 398848K, used 79006K [0x00000000e0000000, 0x0000000100000000, 0x0000000100000000)
  eden space 319488K, 0% used [0x00000000e0000000,0x00000000e0000000,0x00000000f3800000)
  from space 79360K, 99% used [0x00000000f3800000,0x00000000f8527b50,0x00000000f8580000)
  to   space 112128K, 0% used [0x00000000f9280000,0x00000000f9280000,0x0000000100000000)
 ParOldGen       total 420864K, used 411831K [0x00000000a0000000, 0x00000000b9b00000, 0x00000000e0000000)
  object space 420864K, 97% used [0x00000000a0000000,0x00000000b922df30,0x00000000b9b00000)
 Metaspace       used 149711K, capacity 158972K, committed 161792K, reserved 1189888K
  class space    used 18767K, capacity 20469K, committed 21248K, reserved 1048576K
Event: 5076.540 GC heap after
Heap after GC invocations=92 (full 7):
 PSYoungGen      total 398848K, used 0K [0x00000000e0000000, 0x0000000100000000, 0x0000000100000000)
  eden space 319488K, 0% used [0x00000000e0000000,0x00000000e0000000,0x00000000f3800000)
  from space 79360K, 0% used [0x00000000f3800000,0x00000000f3800000,0x00000000f8580000)
  to   space 112128K, 0% used [0x00000000f9280000,0x00000000f9280000,0x0000000100000000)
 ParOldGen       total 501248K, used 239293K [0x00000000a0000000, 0x00000000be980000, 0x00000000e0000000)
  object space 501248K, 47% used [0x00000000a0000000,0x00000000ae9af598,0x00000000be980000)
 Metaspace       used 149393K, capacity 158346K, committed 161792K, reserved 1189888K
  class space    used 18707K, capacity 20353K, committed 21248K, reserved 1048576K
}
Event: 5077.813 GC heap before
{Heap before GC invocations=93 (full 7):
 PSYoungGen      total 398848K, used 319488K [0x00000000e0000000, 0x0000000100000000, 0x0000000100000000)
  eden space 319488K, 100% used [0x00000000e0000000,0x00000000f3800000,0x00000000f3800000)
  from space 79360K, 0% used [0x00000000f3800000,0x00000000f3800000,0x00000000f8580000)
  to   space 112128K, 0% used [0x00000000f9280000,0x00000000f9280000,0x0000000100000000)
 ParOldGen       total 501248K, used 239293K [0x00000000a0000000, 0x00000000be980000, 0x00000000e0000000)
  object space 501248K, 47% used [0x00000000a0000000,0x00000000ae9af598,0x00000000be980000)
 Metaspace       used 149458K, capacity 158362K, committed 161792K, reserved 1189888K
  class space    used 18707K, capacity 20353K, committed 21248K, reserved 1048576K
Event: 5077.830 GC heap after
Heap after GC invocations=93 (full 7):
 PSYoungGen      total 416256K, used 19741K [0x00000000e0000000, 0x0000000100000000, 0x0000000100000000)
  eden space 304128K, 0% used [0x00000000e0000000,0x00000000e0000000,0x00000000f2900000)
  from space 112128K, 17% used [0x00000000f9280000,0x00000000fa5c7660,0x0000000100000000)
  to   space 108032K, 0% used [0x00000000f2900000,0x00000000f2900000,0x00000000f9280000)
 ParOldGen       total 501248K, used 239301K [0x00000000a0000000, 0x00000000be980000, 0x00000000e0000000)
  object space 501248K, 47% used [0x00000000a0000000,0x00000000ae9b1598,0x00000000be980000)
 Metaspace       used 149458K, capacity 158362K, committed 161792K, reserved 1189888K
  class space    used 18707K, capacity 20353K, committed 21248K, reserved 1048576K
}
Event: 5081.430 GC heap before
{Heap before GC invocations=94 (full 7):
 PSYoungGen      total 416256K, used 321895K [0x00000000e0000000, 0x0000000100000000, 0x0000000100000000)
  eden space 304128K, 99% used [0x00000000e0000000,0x00000000f2712750,0x00000000f2900000)
  from space 112128K, 17% used [0x00000000f9280000,0x00000000fa5c7660,0x0000000100000000)
  to   space 108032K, 0% used [0x00000000f2900000,0x00000000f2900000,0x00000000f9280000)
 ParOldGen       total 501248K, used 239301K [0x00000000a0000000, 0x00000000be980000, 0x00000000e0000000)
  object space 501248K, 47% used [0x00000000a0000000,0x00000000ae9b1598,0x00000000be980000)
 Metaspace       used 150311K, capacity 159412K, committed 161792K, reserved 1189888K
  class space    used 18838K, capacity 20560K, committed 21248K, reserved 1048576K
Event: 5081.447 GC heap after
Heap after GC invocations=94 (full 7):
 PSYoungGen      total 312832K, used 8671K [0x00000000e0000000, 0x00000000ff700000, 0x0000000100000000)
  eden space 304128K, 0% used [0x00000000e0000000,0x00000000e0000000,0x00000000f2900000)
  from space 8704K, 99% used [0x00000000f2900000,0x00000000f3177c40,0x00000000f3180000)
  to   space 105472K, 0% used [0x00000000f9000000,0x00000000f9000000,0x00000000ff700000)
 ParOldGen       total 501248K, used 241791K [0x00000000a0000000, 0x00000000be980000, 0x00000000e0000000)
  object space 501248K, 48% used [0x00000000a0000000,0x00000000aec1fe18,0x00000000be980000)
 Metaspace       used 150311K, capacity 159412K, committed 161792K, reserved 1189888K
  class space    used 18838K, capacity 20560K, committed 21248K, reserved 1048576K
}

